<?xml version="1.0" encoding="UTF-8" ?>
<testsuite failures="0" time="60.116" errors="0" skipped="0" tests="12" name="org.apache.giraph.TestBspBasic">
  <properties>
    <property name="java.runtime.name" value="OpenJDK Runtime Environment"/>
    <property name="sun.boot.library.path" value="/usr/lib/jvm/java-6-openjdk-amd64/jre/lib/amd64"/>
    <property name="java.vm.version" value="23.25-b01"/>
    <property name="java.vm.vendor" value="Sun Microsystems Inc."/>
    <property name="java.vendor.url" value="http://java.sun.com/"/>
    <property name="path.separator" value=":"/>
    <property name="java.vm.name" value="OpenJDK 64-Bit Server VM"/>
    <property name="file.encoding.pkg" value="sun.io"/>
    <property name="user.country" value="US"/>
    <property name="sun.java.launcher" value="SUN_STANDARD"/>
    <property name="sun.os.patch.level" value="unknown"/>
    <property name="java.vm.specification.name" value="Java Virtual Machine Specification"/>
    <property name="user.dir" value="/users/kiran/workspace/giraph-test32"/>
    <property name="java.runtime.version" value="1.6.0_31-b31"/>
    <property name="java.awt.graphicsenv" value="sun.awt.X11GraphicsEnvironment"/>
    <property name="basedir" value="/users/kiran/workspace/giraph-test32"/>
    <property name="java.endorsed.dirs" value="/usr/lib/jvm/java-6-openjdk-amd64/jre/lib/endorsed"/>
    <property name="os.arch" value="amd64"/>
    <property name="zookeeper.snapCount" value="50000"/>
    <property name="surefire.real.class.path" value="/tmp/surefirebooter6145927440831620302.jar"/>
    <property name="java.io.tmpdir" value="/tmp"/>
    <property name="line.separator" value="
"/>
    <property name="java.vm.specification.vendor" value="Sun Microsystems Inc."/>
    <property name="os.name" value="Linux"/>
    <property name="sun.jnu.encoding" value="UTF-8"/>
    <property name="java.library.path" value="/usr/lib/jvm/java-6-openjdk-amd64/jre/lib/amd64/server:/usr/lib/jvm/java-6-openjdk-amd64/jre/lib/amd64:/usr/lib/jvm/java-6-openjdk-amd64/jre/../lib/amd64:/usr/java/packages/lib/amd64:/usr/lib/jni:/lib:/usr/lib"/>
    <property name="surefire.test.class.path" value="/users/kiran/workspace/giraph-test32/target/munged/test-classes:/users/kiran/workspace/giraph-test32/target/munged/classes:/home/kiran/.m2/repository/com/google/guava/guava/12.0/guava-12.0.jar:/home/kiran/.m2/repository/com/google/code/findbugs/jsr305/1.3.9/jsr305-1.3.9.jar:/home/kiran/.m2/repository/com/yammer/metrics/metrics-core/2.2.0/metrics-core-2.2.0.jar:/home/kiran/.m2/repository/commons-cli/commons-cli/1.2/commons-cli-1.2.jar:/home/kiran/.m2/repository/commons-collections/commons-collections/3.2.1/commons-collections-3.2.1.jar:/home/kiran/.m2/repository/commons-io/commons-io/2.1/commons-io-2.1.jar:/home/kiran/.m2/repository/io/netty/netty/3.5.3.Final/netty-3.5.3.Final.jar:/home/kiran/.m2/repository/net/iharder/base64/2.3.8/base64-2.3.8.jar:/home/kiran/.m2/repository/org/apache/zookeeper/zookeeper/3.3.3/zookeeper-3.3.3.jar:/home/kiran/.m2/repository/log4j/log4j/1.2.15/log4j-1.2.15.jar:/home/kiran/.m2/repository/javax/mail/mail/1.4/mail-1.4.jar:/home/kiran/.m2/repository/javax/activation/activation/1.1/activation-1.1.jar:/home/kiran/.m2/repository/jline/jline/0.9.94/jline-0.9.94.jar:/home/kiran/.m2/repository/org/codehaus/jackson/jackson-core-asl/1.8.0/jackson-core-asl-1.8.0.jar:/home/kiran/.m2/repository/org/codehaus/jackson/jackson-mapper-asl/1.8.0/jackson-mapper-asl-1.8.0.jar:/home/kiran/.m2/repository/org/json/json/20090211/json-20090211.jar:/home/kiran/.m2/repository/org/slf4j/slf4j-api/1.7.2/slf4j-api-1.7.2.jar:/home/kiran/.m2/repository/org/slf4j/slf4j-log4j12/1.7.2/slf4j-log4j12-1.7.2.jar:/home/kiran/.m2/repository/org/apache/giraph/giraph-core/1.0.0/giraph-core-1.0.0.jar:/home/kiran/.m2/repository/it/unimi/dsi/fastutil/6.5.3/fastutil-6.5.3.jar:/users/kiran/workspace/giraph-test32/lib/stream-2.7.0-SNAPSHOT-exec.jar:/home/kiran/.m2/repository/org/apache/giraph/giraph-core/1.0.0/giraph-core-1.0.0-tests.jar:/home/kiran/.m2/repository/junit/junit/4.8/junit-4.8.jar:/home/kiran/.m2/repository/org/mockito/mockito-all/1.8.5/mockito-all-1.8.5.jar:/home/kiran/.m2/repository/commons-net/commons-net/3.1/commons-net-3.1.jar:/home/kiran/.m2/repository/org/apache/hadoop/hadoop-core/0.20.203.0/hadoop-core-0.20.203.0.jar:/home/kiran/.m2/repository/xmlenc/xmlenc/0.52/xmlenc-0.52.jar:/home/kiran/.m2/repository/commons-httpclient/commons-httpclient/3.0.1/commons-httpclient-3.0.1.jar:/home/kiran/.m2/repository/commons-logging/commons-logging/1.0.3/commons-logging-1.0.3.jar:/home/kiran/.m2/repository/commons-codec/commons-codec/1.4/commons-codec-1.4.jar:/home/kiran/.m2/repository/org/apache/commons/commons-math/2.1/commons-math-2.1.jar:/home/kiran/.m2/repository/commons-configuration/commons-configuration/1.6/commons-configuration-1.6.jar:/home/kiran/.m2/repository/commons-lang/commons-lang/2.4/commons-lang-2.4.jar:/home/kiran/.m2/repository/commons-digester/commons-digester/1.8/commons-digester-1.8.jar:/home/kiran/.m2/repository/commons-beanutils/commons-beanutils/1.7.0/commons-beanutils-1.7.0.jar:/home/kiran/.m2/repository/commons-beanutils/commons-beanutils-core/1.8.0/commons-beanutils-core-1.8.0.jar:/home/kiran/.m2/repository/org/mortbay/jetty/jetty/6.1.26/jetty-6.1.26.jar:/home/kiran/.m2/repository/org/mortbay/jetty/servlet-api/2.5-20081211/servlet-api-2.5-20081211.jar:/home/kiran/.m2/repository/org/mortbay/jetty/jetty-util/6.1.26/jetty-util-6.1.26.jar:/home/kiran/.m2/repository/tomcat/jasper-runtime/5.5.12/jasper-runtime-5.5.12.jar:/home/kiran/.m2/repository/tomcat/jasper-compiler/5.5.12/jasper-compiler-5.5.12.jar:/home/kiran/.m2/repository/org/mortbay/jetty/jsp-api-2.1/6.1.14/jsp-api-2.1-6.1.14.jar:/home/kiran/.m2/repository/org/mortbay/jetty/servlet-api-2.5/6.1.14/servlet-api-2.5-6.1.14.jar:/home/kiran/.m2/repository/org/mortbay/jetty/jsp-2.1/6.1.14/jsp-2.1-6.1.14.jar:/home/kiran/.m2/repository/ant/ant/1.6.5/ant-1.6.5.jar:/home/kiran/.m2/repository/commons-el/commons-el/1.0/commons-el-1.0.jar:/home/kiran/.m2/repository/net/java/dev/jets3t/jets3t/0.7.1/jets3t-0.7.1.jar:/home/kiran/.m2/repository/net/sf/kosmosfs/kfs/0.3/kfs-0.3.jar:/home/kiran/.m2/repository/hsqldb/hsqldb/1.8.0.10/hsqldb-1.8.0.10.jar:/home/kiran/.m2/repository/oro/oro/2.0.8/oro-2.0.8.jar:/home/kiran/.m2/repository/org/eclipse/jdt/core/3.1.1/core-3.1.1.jar:"/>
    <property name="sun.nio.ch.bugLevel" value=""/>
    <property name="prop.jarLocation" value="/users/kiran/workspace/giraph-test32/target/giraph-examples-1.0.0-for-hadoop-0.20.203.0-jar-with-dependencies.jar"/>
    <property name="java.specification.name" value="Java Platform API Specification"/>
    <property name="java.class.version" value="50.0"/>
    <property name="sun.management.compiler" value="HotSpot 64-Bit Tiered Compilers"/>
    <property name="os.version" value="3.8.0-39-generic"/>
    <property name="user.home" value="/home/kiran"/>
    <property name="user.timezone" value="Europe/Helsinki"/>
    <property name="java.awt.printerjob" value="sun.print.PSPrinterJob"/>
    <property name="java.specification.version" value="1.6"/>
    <property name="file.encoding" value="UTF-8"/>
    <property name="user.name" value="kiran"/>
    <property name="java.class.path" value="/users/kiran/workspace/giraph-test32/target/munged/test-classes:/users/kiran/workspace/giraph-test32/target/munged/classes:/home/kiran/.m2/repository/com/google/guava/guava/12.0/guava-12.0.jar:/home/kiran/.m2/repository/com/google/code/findbugs/jsr305/1.3.9/jsr305-1.3.9.jar:/home/kiran/.m2/repository/com/yammer/metrics/metrics-core/2.2.0/metrics-core-2.2.0.jar:/home/kiran/.m2/repository/commons-cli/commons-cli/1.2/commons-cli-1.2.jar:/home/kiran/.m2/repository/commons-collections/commons-collections/3.2.1/commons-collections-3.2.1.jar:/home/kiran/.m2/repository/commons-io/commons-io/2.1/commons-io-2.1.jar:/home/kiran/.m2/repository/io/netty/netty/3.5.3.Final/netty-3.5.3.Final.jar:/home/kiran/.m2/repository/net/iharder/base64/2.3.8/base64-2.3.8.jar:/home/kiran/.m2/repository/org/apache/zookeeper/zookeeper/3.3.3/zookeeper-3.3.3.jar:/home/kiran/.m2/repository/log4j/log4j/1.2.15/log4j-1.2.15.jar:/home/kiran/.m2/repository/javax/mail/mail/1.4/mail-1.4.jar:/home/kiran/.m2/repository/javax/activation/activation/1.1/activation-1.1.jar:/home/kiran/.m2/repository/jline/jline/0.9.94/jline-0.9.94.jar:/home/kiran/.m2/repository/org/codehaus/jackson/jackson-core-asl/1.8.0/jackson-core-asl-1.8.0.jar:/home/kiran/.m2/repository/org/codehaus/jackson/jackson-mapper-asl/1.8.0/jackson-mapper-asl-1.8.0.jar:/home/kiran/.m2/repository/org/json/json/20090211/json-20090211.jar:/home/kiran/.m2/repository/org/slf4j/slf4j-api/1.7.2/slf4j-api-1.7.2.jar:/home/kiran/.m2/repository/org/slf4j/slf4j-log4j12/1.7.2/slf4j-log4j12-1.7.2.jar:/home/kiran/.m2/repository/org/apache/giraph/giraph-core/1.0.0/giraph-core-1.0.0.jar:/home/kiran/.m2/repository/it/unimi/dsi/fastutil/6.5.3/fastutil-6.5.3.jar:/users/kiran/workspace/giraph-test32/lib/stream-2.7.0-SNAPSHOT-exec.jar:/home/kiran/.m2/repository/org/apache/giraph/giraph-core/1.0.0/giraph-core-1.0.0-tests.jar:/home/kiran/.m2/repository/junit/junit/4.8/junit-4.8.jar:/home/kiran/.m2/repository/org/mockito/mockito-all/1.8.5/mockito-all-1.8.5.jar:/home/kiran/.m2/repository/commons-net/commons-net/3.1/commons-net-3.1.jar:/home/kiran/.m2/repository/org/apache/hadoop/hadoop-core/0.20.203.0/hadoop-core-0.20.203.0.jar:/home/kiran/.m2/repository/xmlenc/xmlenc/0.52/xmlenc-0.52.jar:/home/kiran/.m2/repository/commons-httpclient/commons-httpclient/3.0.1/commons-httpclient-3.0.1.jar:/home/kiran/.m2/repository/commons-logging/commons-logging/1.0.3/commons-logging-1.0.3.jar:/home/kiran/.m2/repository/commons-codec/commons-codec/1.4/commons-codec-1.4.jar:/home/kiran/.m2/repository/org/apache/commons/commons-math/2.1/commons-math-2.1.jar:/home/kiran/.m2/repository/commons-configuration/commons-configuration/1.6/commons-configuration-1.6.jar:/home/kiran/.m2/repository/commons-lang/commons-lang/2.4/commons-lang-2.4.jar:/home/kiran/.m2/repository/commons-digester/commons-digester/1.8/commons-digester-1.8.jar:/home/kiran/.m2/repository/commons-beanutils/commons-beanutils/1.7.0/commons-beanutils-1.7.0.jar:/home/kiran/.m2/repository/commons-beanutils/commons-beanutils-core/1.8.0/commons-beanutils-core-1.8.0.jar:/home/kiran/.m2/repository/org/mortbay/jetty/jetty/6.1.26/jetty-6.1.26.jar:/home/kiran/.m2/repository/org/mortbay/jetty/servlet-api/2.5-20081211/servlet-api-2.5-20081211.jar:/home/kiran/.m2/repository/org/mortbay/jetty/jetty-util/6.1.26/jetty-util-6.1.26.jar:/home/kiran/.m2/repository/tomcat/jasper-runtime/5.5.12/jasper-runtime-5.5.12.jar:/home/kiran/.m2/repository/tomcat/jasper-compiler/5.5.12/jasper-compiler-5.5.12.jar:/home/kiran/.m2/repository/org/mortbay/jetty/jsp-api-2.1/6.1.14/jsp-api-2.1-6.1.14.jar:/home/kiran/.m2/repository/org/mortbay/jetty/servlet-api-2.5/6.1.14/servlet-api-2.5-6.1.14.jar:/home/kiran/.m2/repository/org/mortbay/jetty/jsp-2.1/6.1.14/jsp-2.1-6.1.14.jar:/home/kiran/.m2/repository/ant/ant/1.6.5/ant-1.6.5.jar:/home/kiran/.m2/repository/commons-el/commons-el/1.0/commons-el-1.0.jar:/home/kiran/.m2/repository/net/java/dev/jets3t/jets3t/0.7.1/jets3t-0.7.1.jar:/home/kiran/.m2/repository/net/sf/kosmosfs/kfs/0.3/kfs-0.3.jar:/home/kiran/.m2/repository/hsqldb/hsqldb/1.8.0.10/hsqldb-1.8.0.10.jar:/home/kiran/.m2/repository/oro/oro/2.0.8/oro-2.0.8.jar:/home/kiran/.m2/repository/org/eclipse/jdt/core/3.1.1/core-3.1.1.jar:"/>
    <property name="java.vm.specification.version" value="1.0"/>
    <property name="sun.arch.data.model" value="64"/>
    <property name="java.home" value="/usr/lib/jvm/java-6-openjdk-amd64/jre"/>
    <property name="sun.java.command" value="/tmp/surefirebooter6145927440831620302.jar /tmp/surefire2240348341231018552tmp /tmp/surefire5793574172735442949tmp"/>
    <property name="java.specification.vendor" value="Sun Microsystems Inc."/>
    <property name="user.language" value="en"/>
    <property name="java.vm.info" value="mixed mode"/>
    <property name="java.version" value="1.6.0_31"/>
    <property name="java.ext.dirs" value="/usr/lib/jvm/java-6-openjdk-amd64/jre/lib/ext:/usr/java/packages/lib/ext"/>
    <property name="sun.boot.class.path" value="/usr/lib/jvm/java-6-openjdk-amd64/jre/lib/resources.jar:/usr/lib/jvm/java-6-openjdk-amd64/jre/lib/rt.jar:/usr/lib/jvm/java-6-openjdk-amd64/jre/lib/sunrsasign.jar:/usr/lib/jvm/java-6-openjdk-amd64/jre/lib/jsse.jar:/usr/lib/jvm/java-6-openjdk-amd64/jre/lib/jce.jar:/usr/lib/jvm/java-6-openjdk-amd64/jre/lib/charsets.jar:/usr/lib/jvm/java-6-openjdk-amd64/jre/lib/jfr.jar:/usr/lib/jvm/java-6-openjdk-amd64/jre/lib/netx.jar:/usr/lib/jvm/java-6-openjdk-amd64/jre/lib/plugin.jar:/usr/lib/jvm/java-6-openjdk-amd64/jre/lib/rhino.jar:/usr/lib/jvm/java-6-openjdk-amd64/jre/classes"/>
    <property name="java.vendor" value="Sun Microsystems Inc."/>
    <property name="localRepository" value="/home/kiran/.m2/repository"/>
    <property name="file.separator" value="/"/>
    <property name="java.vendor.url.bug" value="http://java.sun.com/cgi-bin/bugreport.cgi"/>
    <property name="sun.cpu.endian" value="little"/>
    <property name="sun.io.unicode.encoding" value="UnicodeLittle"/>
    <property name="sun.desktop" value="gnome"/>
    <property name="sun.cpu.isalist" value=""/>
  </properties>
  <testcase time="0.021" classname="org.apache.giraph.TestBspBasic" name="testInstantiateVertex"/>
  <testcase time="0.01" classname="org.apache.giraph.TestBspBasic" name="testInstantiateNullVertex"/>
  <testcase time="7.081" classname="org.apache.giraph.TestBspBasic" name="testLocalJobRunnerConfig"/>
  <testcase time="0.009" classname="org.apache.giraph.TestBspBasic" name="testBspFail"/>
  <testcase time="7.103" classname="org.apache.giraph.TestBspBasic" name="testBspSuperStep"/>
  <testcase time="4.088" classname="org.apache.giraph.TestBspBasic" name="testBspMsg"/>
  <testcase time="4.079" classname="org.apache.giraph.TestBspBasic" name="testEmptyVertexInputFormat"/>
  <testcase time="4.074" classname="org.apache.giraph.TestBspBasic" name="testBspCombiner"/>
  <testcase time="0.386" classname="org.apache.giraph.TestBspBasic" name="testInputSplitPathOrganizer"/>
  <testcase time="7.077" classname="org.apache.giraph.TestBspBasic" name="testBspShortestPaths"/>
  <testcase time="16.099" classname="org.apache.giraph.TestBspBasic" name="testBspPageRankWithAggregatorWriter"/>
  <testcase time="10.083" classname="org.apache.giraph.TestBspBasic" name="testBspMasterCompute"/>
</testsuite>